2024-10-17 22:40:30.546 [main] INFO  testCases.TC0002_LoginTest - ***Finished TC0002_LoginTest***
2024-10-17 22:42:55.644 [TestNG-tests-1] INFO  testCases.TC0001_AccountRegistrationTest - ***Log Started TC0001_AccountRegistrationTest***
2024-10-17 22:42:56.378 [TestNG-tests-1] INFO  testCases.TC0001_AccountRegistrationTest - Clicked to MyAccount...
2024-10-17 22:42:58.342 [TestNG-tests-1] INFO  testCases.TC0001_AccountRegistrationTest - Clicked to Register...
2024-10-17 22:42:58.348 [TestNG-tests-1] INFO  testCases.TC0001_AccountRegistrationTest - Entered Registration details..
2024-10-17 22:43:10.984 [TestNG-tests-3] INFO  testCases.TC0001_AccountRegistrationTest - ***Log Started TC0001_AccountRegistrationTest***
2024-10-17 22:43:11.327 [TestNG-tests-3] INFO  testCases.TC0001_AccountRegistrationTest - Clicked to MyAccount...
2024-10-17 22:43:13.627 [TestNG-tests-3] INFO  testCases.TC0001_AccountRegistrationTest - Clicked to Register...
2024-10-17 22:43:13.631 [TestNG-tests-3] INFO  testCases.TC0001_AccountRegistrationTest - Entered Registration details..
2024-10-17 22:43:43.075 [TestNG-tests-2] INFO  testCases.TC0001_AccountRegistrationTest - ***Log Started TC0001_AccountRegistrationTest***
2024-10-17 22:43:43.244 [TestNG-tests-2] INFO  testCases.TC0001_AccountRegistrationTest - Clicked to MyAccount...
2024-10-17 22:43:45.620 [TestNG-tests-2] INFO  testCases.TC0001_AccountRegistrationTest - Clicked to Register...
2024-10-17 22:43:45.621 [TestNG-tests-2] INFO  testCases.TC0001_AccountRegistrationTest - Entered Registration details..
2024-10-17 22:43:48.298 [TestNG-tests-2] INFO  testCases.TC0001_AccountRegistrationTest - Verifying Expected Message..
2024-10-17 22:43:48.379 [TestNG-tests-2] INFO  testCases.TC0001_AccountRegistrationTest - ***Log Finished TC0001_AccountRegistrationTest***
2024-10-19 13:37:58.832 [main] INFO  testCases.TC0001_AccountRegistrationTest - ***Log Started TC0001_AccountRegistrationTest***
2024-10-19 13:37:59.054 [main] INFO  testCases.TC0001_AccountRegistrationTest - Clicked to MyAccount...
2024-10-19 13:38:00.139 [main] INFO  testCases.TC0001_AccountRegistrationTest - Clicked to Register...
2024-10-19 13:38:00.160 [main] INFO  testCases.TC0001_AccountRegistrationTest - Entered Registration details..
2024-10-19 13:38:02.271 [main] INFO  testCases.TC0001_AccountRegistrationTest - Verifying Expected Message..
2024-10-19 13:38:02.369 [main] INFO  testCases.TC0001_AccountRegistrationTest - ***Log Finished TC0001_AccountRegistrationTest***
2024-10-19 13:38:06.903 [main] INFO  testCases.TC0002_LoginTest - ***Starting TC0002_LoginTest***
2024-10-19 13:38:08.815 [main] INFO  testCases.TC0002_LoginTest - ***Finished TC0002_LoginTest***
2024-10-19 13:39:29.602 [main] INFO  testCases.TC0001_AccountRegistrationTest - ***Log Started TC0001_AccountRegistrationTest***
2024-10-19 13:39:30.031 [main] INFO  testCases.TC0001_AccountRegistrationTest - Clicked to MyAccount...
2024-10-19 13:39:31.202 [main] INFO  testCases.TC0001_AccountRegistrationTest - Clicked to Register...
2024-10-19 13:39:31.208 [main] INFO  testCases.TC0001_AccountRegistrationTest - Entered Registration details..
2024-10-19 13:39:33.588 [main] INFO  testCases.TC0001_AccountRegistrationTest - Verifying Expected Message..
2024-10-19 13:39:33.721 [main] INFO  testCases.TC0001_AccountRegistrationTest - ***Log Finished TC0001_AccountRegistrationTest***
2024-10-19 13:39:37.434 [main] INFO  testCases.TC0002_LoginTest - ***Starting TC0002_LoginTest***
2024-10-19 13:39:40.052 [main] INFO  testCases.TC0002_LoginTest - ***Finished TC0002_LoginTest***
2024-10-19 16:04:24.333 [main] INFO  testCases.TC0001_AccountRegistrationTest - ***Log Started TC0001_AccountRegistrationTest***
2024-10-19 16:04:24.873 [main] INFO  testCases.TC0001_AccountRegistrationTest - Clicked to MyAccount...
2024-10-19 16:04:26.261 [main] INFO  testCases.TC0001_AccountRegistrationTest - Clicked to Register...
2024-10-19 16:04:26.266 [main] INFO  testCases.TC0001_AccountRegistrationTest - Entered Registration details..
2024-10-19 16:04:28.229 [main] INFO  testCases.TC0001_AccountRegistrationTest - Verifying Expected Message..
2024-10-19 16:04:28.320 [main] INFO  testCases.TC0001_AccountRegistrationTest - ***Log Finished TC0001_AccountRegistrationTest***
2024-10-19 16:04:37.257 [main] INFO  testCases.TC0002_LoginTest - ***Starting TC0002_LoginTest***
2024-10-19 16:04:40.084 [main] INFO  testCases.TC0002_LoginTest - ***Finished TC0002_LoginTest***
2024-10-20 08:43:13.372 [main] INFO  testCases.TC0001_AccountRegistrationTest - ***Log Started TC0001_AccountRegistrationTest***
2024-10-20 08:43:13.604 [main] INFO  testCases.TC0001_AccountRegistrationTest - Clicked to MyAccount...
2024-10-20 08:43:15.049 [main] INFO  testCases.TC0001_AccountRegistrationTest - Clicked to Register...
2024-10-20 08:43:15.068 [main] INFO  testCases.TC0001_AccountRegistrationTest - Entered Registration details..
2024-10-20 08:43:17.271 [main] INFO  testCases.TC0001_AccountRegistrationTest - Verifying Expected Message..
