2024-10-17 17:55:13.616 [main] INFO  testCases.TC0002_LoginTest - ***Starting TC0002_LoginTest***
2024-10-17 17:55:42.391 [main] INFO  testCases.TC0001_AccountRegistrationTest - ***Log Started TC0001_AccountRegistrationTest***
2024-10-17 17:55:42.622 [main] INFO  testCases.TC0001_AccountRegistrationTest - Clicked to MyAccount...
2024-10-17 17:55:43.524 [main] INFO  testCases.TC0001_AccountRegistrationTest - Clicked to Register...
2024-10-17 17:55:43.531 [main] INFO  testCases.TC0001_AccountRegistrationTest - Entered Registration details..
2024-10-17 17:55:45.633 [main] INFO  testCases.TC0001_AccountRegistrationTest - Verifying Expected Message..
2024-10-17 17:55:45.698 [main] INFO  testCases.TC0001_AccountRegistrationTest - ***Log Finished TC0001_AccountRegistrationTest***
2024-10-17 17:55:50.597 [main] INFO  testCases.TC0002_LoginTest - ***Starting TC0002_LoginTest***
2024-10-17 17:56:49.697 [main] INFO  testCases.TC0001_AccountRegistrationTest - ***Log Started TC0001_AccountRegistrationTest***
2024-10-17 17:56:49.877 [main] INFO  testCases.TC0001_AccountRegistrationTest - Clicked to MyAccount...
2024-10-17 17:56:50.507 [main] INFO  testCases.TC0001_AccountRegistrationTest - Clicked to Register...
2024-10-17 17:56:50.512 [main] INFO  testCases.TC0001_AccountRegistrationTest - Entered Registration details..
2024-10-17 17:56:52.432 [main] INFO  testCases.TC0001_AccountRegistrationTest - Verifying Expected Message..
2024-10-17 17:56:52.500 [main] INFO  testCases.TC0001_AccountRegistrationTest - ***Log Finished TC0001_AccountRegistrationTest***
2024-10-17 17:56:55.946 [main] INFO  testCases.TC0002_LoginTest - ***Starting TC0002_LoginTest***
2024-10-17 18:08:33.284 [main] INFO  testCases.TC0001_AccountRegistrationTest - ***Log Started TC0001_AccountRegistrationTest***
2024-10-17 18:08:33.458 [main] INFO  testCases.TC0001_AccountRegistrationTest - Clicked to MyAccount...
2024-10-17 18:08:34.163 [main] INFO  testCases.TC0001_AccountRegistrationTest - Clicked to Register...
2024-10-17 18:08:34.171 [main] INFO  testCases.TC0001_AccountRegistrationTest - Entered Registration details..
2024-10-17 18:08:36.270 [main] INFO  testCases.TC0001_AccountRegistrationTest - Verifying Expected Message..
2024-10-17 18:08:36.349 [main] INFO  testCases.TC0001_AccountRegistrationTest - ***Log Finished TC0001_AccountRegistrationTest***
2024-10-17 18:08:40.761 [main] INFO  testCases.TC0002_LoginTest - ***Starting TC0002_LoginTest***
2024-10-17 22:29:31.739 [main] INFO  testCases.TC0001_AccountRegistrationTest - ***Log Started TC0001_AccountRegistrationTest***
2024-10-17 22:29:31.970 [main] INFO  testCases.TC0001_AccountRegistrationTest - Clicked to MyAccount...
2024-10-17 22:29:32.816 [main] INFO  testCases.TC0001_AccountRegistrationTest - Clicked to Register...
2024-10-17 22:29:32.823 [main] INFO  testCases.TC0001_AccountRegistrationTest - Entered Registration details..
2024-10-17 22:29:34.704 [main] INFO  testCases.TC0001_AccountRegistrationTest - Verifying Expected Message..
2024-10-17 22:29:34.785 [main] INFO  testCases.TC0001_AccountRegistrationTest - ***Log Finished TC0001_AccountRegistrationTest***
2024-10-17 22:29:38.340 [main] INFO  testCases.TC0002_LoginTest - ***Starting TC0002_LoginTest***
2024-10-17 22:29:39.864 [main] INFO  testCases.TC0002_LoginTest - ***Finished TC0002_LoginTest***
2024-10-17 22:37:15.265 [main] INFO  testCases.TC0001_AccountRegistrationTest - ***Log Started TC0001_AccountRegistrationTest***
2024-10-17 22:37:15.512 [main] INFO  testCases.TC0001_AccountRegistrationTest - Clicked to MyAccount...
2024-10-17 22:37:16.522 [main] INFO  testCases.TC0001_AccountRegistrationTest - Clicked to Register...
2024-10-17 22:37:16.526 [main] INFO  testCases.TC0001_AccountRegistrationTest - Entered Registration details..
2024-10-17 22:37:18.738 [main] INFO  testCases.TC0001_AccountRegistrationTest - Verifying Expected Message..
2024-10-17 22:37:18.841 [main] INFO  testCases.TC0001_AccountRegistrationTest - ***Log Finished TC0001_AccountRegistrationTest***
2024-10-17 22:37:25.039 [main] INFO  testCases.TC0002_LoginTest - ***Starting TC0002_LoginTest***
2024-10-17 22:37:28.513 [main] INFO  testCases.TC0002_LoginTest - ***Finished TC0002_LoginTest***
2024-10-17 22:40:20.907 [main] INFO  testCases.TC0001_AccountRegistrationTest - ***Log Started TC0001_AccountRegistrationTest***
2024-10-17 22:40:21.160 [main] INFO  testCases.TC0001_AccountRegistrationTest - Clicked to MyAccount...
2024-10-17 22:40:22.274 [main] INFO  testCases.TC0001_AccountRegistrationTest - Clicked to Register...
2024-10-17 22:40:22.282 [main] INFO  testCases.TC0001_AccountRegistrationTest - Entered Registration details..
2024-10-17 22:40:24.443 [main] INFO  testCases.TC0001_AccountRegistrationTest - Verifying Expected Message..
2024-10-17 22:40:24.541 [main] INFO  testCases.TC0001_AccountRegistrationTest - ***Log Finished TC0001_AccountRegistrationTest***
2024-10-17 22:40:28.414 [main] INFO  testCases.TC0002_LoginTest - ***Starting TC0002_LoginTest***
