2024-10-10 17:57:50.997 [main] DEBUG org.apache.poi.openxml4j.opc.PackageRelationshipCollection - Parsing relationship: /_rels/.rels
2024-10-10 17:57:51.095 [main] DEBUG org.apache.poi.openxml4j.opc.PackageRelationshipCollection - Parsing relationship: /xl/_rels/workbook.xml.rels
2024-10-10 17:57:51.097 [main] DEBUG org.apache.poi.openxml4j.opc.PackageRelationshipCollection - Parsing relationship: /xl/worksheets/_rels/sheet1.xml.rels
2024-10-10 17:57:51.099 [main] DEBUG org.apache.poi.openxml4j.opc.PackageRelationshipCollection - Parsing relationship: /_rels/.rels
2024-10-10 17:57:51.174 [main] DEBUG org.apache.poi.openxml4j.opc.PackageRelationshipCollection - Parsing relationship: /xl/_rels/workbook.xml.rels
2024-10-10 17:57:51.177 [main] DEBUG org.apache.poi.openxml4j.opc.PackageRelationshipCollection - Parsing relationship: /xl/worksheets/_rels/sheet1.xml.rels
2024-10-10 17:57:51.179 [main] DEBUG org.apache.poi.openxml4j.opc.PackageRelationshipCollection - Parsing relationship: /_rels/.rels
2024-10-10 17:57:51.232 [main] DEBUG org.apache.poi.openxml4j.opc.PackageRelationshipCollection - Parsing relationship: /xl/_rels/workbook.xml.rels
2024-10-10 17:57:51.234 [main] DEBUG org.apache.poi.openxml4j.opc.PackageRelationshipCollection - Parsing relationship: /xl/worksheets/_rels/sheet1.xml.rels
2024-10-10 17:57:51.236 [main] DEBUG org.apache.poi.openxml4j.opc.PackageRelationshipCollection - Parsing relationship: /_rels/.rels
2024-10-10 17:57:51.288 [main] DEBUG org.apache.poi.openxml4j.opc.PackageRelationshipCollection - Parsing relationship: /xl/_rels/workbook.xml.rels
2024-10-10 17:57:51.290 [main] DEBUG org.apache.poi.openxml4j.opc.PackageRelationshipCollection - Parsing relationship: /xl/worksheets/_rels/sheet1.xml.rels
2024-10-10 17:57:51.292 [main] DEBUG org.apache.poi.openxml4j.opc.PackageRelationshipCollection - Parsing relationship: /_rels/.rels
2024-10-10 17:57:51.344 [main] DEBUG org.apache.poi.openxml4j.opc.PackageRelationshipCollection - Parsing relationship: /xl/_rels/workbook.xml.rels
2024-10-10 17:57:51.346 [main] DEBUG org.apache.poi.openxml4j.opc.PackageRelationshipCollection - Parsing relationship: /xl/worksheets/_rels/sheet1.xml.rels
2024-10-10 17:57:51.348 [main] DEBUG org.apache.poi.openxml4j.opc.PackageRelationshipCollection - Parsing relationship: /_rels/.rels
2024-10-10 17:57:51.402 [main] DEBUG org.apache.poi.openxml4j.opc.PackageRelationshipCollection - Parsing relationship: /xl/_rels/workbook.xml.rels
2024-10-10 17:57:51.404 [main] DEBUG org.apache.poi.openxml4j.opc.PackageRelationshipCollection - Parsing relationship: /xl/worksheets/_rels/sheet1.xml.rels
2024-10-10 17:57:51.406 [main] DEBUG org.apache.poi.openxml4j.opc.PackageRelationshipCollection - Parsing relationship: /_rels/.rels
2024-10-10 17:57:51.464 [main] DEBUG org.apache.poi.openxml4j.opc.PackageRelationshipCollection - Parsing relationship: /xl/_rels/workbook.xml.rels
2024-10-10 17:57:51.466 [main] DEBUG org.apache.poi.openxml4j.opc.PackageRelationshipCollection - Parsing relationship: /xl/worksheets/_rels/sheet1.xml.rels
2024-10-10 17:57:51.468 [main] DEBUG org.apache.poi.openxml4j.opc.PackageRelationshipCollection - Parsing relationship: /_rels/.rels
2024-10-10 17:57:51.516 [main] DEBUG org.apache.poi.openxml4j.opc.PackageRelationshipCollection - Parsing relationship: /xl/_rels/workbook.xml.rels
2024-10-10 17:57:51.518 [main] DEBUG org.apache.poi.openxml4j.opc.PackageRelationshipCollection - Parsing relationship: /xl/worksheets/_rels/sheet1.xml.rels
2024-10-10 17:57:51.520 [main] DEBUG org.apache.poi.openxml4j.opc.PackageRelationshipCollection - Parsing relationship: /_rels/.rels
2024-10-10 17:57:51.589 [main] INFO  testCases.TC0003_LoginDDT - ***Started TC0003_LoginDDT***
2024-10-10 17:57:54.453 [main] INFO  testCases.TC0003_LoginDDT - ***Finished TC0003_LoginDDT***
2024-10-10 17:57:54.475 [main] INFO  testCases.TC0003_LoginDDT - ***Started TC0003_LoginDDT***
2024-10-10 17:58:05.994 [main] INFO  testCases.TC0003_LoginDDT - ***Finished TC0003_LoginDDT***
2024-10-10 17:58:06.002 [main] INFO  testCases.TC0003_LoginDDT - ***Started TC0003_LoginDDT***
2024-10-10 17:58:17.756 [main] INFO  testCases.TC0003_LoginDDT - ***Finished TC0003_LoginDDT***
2024-10-10 17:58:17.769 [main] INFO  testCases.TC0003_LoginDDT - ***Started TC0003_LoginDDT***
2024-10-10 17:58:29.927 [main] INFO  testCases.TC0003_LoginDDT - ***Finished TC0003_LoginDDT***
2024-10-11 12:06:26.671 [main] INFO  testCases.TC0001_AccountRegistrationTest - ***Log Started TC0001_AccountRegistrationTest***
2024-10-11 12:06:26.870 [main] INFO  testCases.TC0001_AccountRegistrationTest - Clicked to MyAccount...
2024-10-11 12:06:27.740 [main] INFO  testCases.TC0001_AccountRegistrationTest - Clicked to Register...
2024-10-11 12:06:27.747 [main] INFO  testCases.TC0001_AccountRegistrationTest - Entered Registration details..
2024-10-11 12:06:29.749 [main] INFO  testCases.TC0001_AccountRegistrationTest - Verifying Expected Message..
2024-10-11 12:06:29.816 [main] INFO  testCases.TC0001_AccountRegistrationTest - ***Log Finished TC0001_AccountRegistrationTest***
